<?xml version="1.0" encoding="UTF-8"?>
<!-- Generated by org.testng.reporters.JUnitReportReporter -->
<testsuite hostname="Hemant-PC" failures="0" tests="1" name="TestLayer.LoginPageTest" time="0.550" errors="0" timestamp="2024-07-16T13:24:08 IST" skipped="0">
  <testcase classname="TestLayer.LoginPageTest" name="validateLoginFunctionality" time="0.550"/>
  <system-out/>
</testsuite> <!-- TestLayer.LoginPageTest -->
