<?xml version="1.0" encoding="UTF-8"?>
<!-- Generated by org.testng.reporters.JUnitReportReporter -->
<testsuite hostname="Hemant-PC" failures="0" tests="1" name="TestLayer.ContactPageTest" time="3.015" errors="0" timestamp="2024-07-16T13:24:08 IST" skipped="0">
  <testcase classname="TestLayer.ContactPageTest" name="validateNewContact" time="3.015"/>
  <system-out/>
</testsuite> <!-- TestLayer.ContactPageTest -->
